:mango-base:compileJava UP-TO-DATE
:mango-base:processResources UP-TO-DATE
:mango-base:classes UP-TO-DATE
:mango-base:compileTestJava UP-TO-DATE
:mango-base:processTestResources UP-TO-DATE
:mango-base:testClasses UP-TO-DATE
:mango-base:sourceJar
:mango-base:jar
:mango-client-base:compileJava
:mango-client-base:processResources UP-TO-DATE
:mango-client-base:classes
:mango-client-base:compileTestJava
:mango-client-base:processTestResources UP-TO-DATE
:mango-client-base:testClasses
:mango-client-base:sourceJar
:mango-client-base:jar
:mango-server-base:compileJava
:mango-server-base:processResources UP-TO-DATE
:mango-server-base:classes
:mango-server-base:compileTestJava UP-TO-DATE
:mango-server-base:processTestResources UP-TO-DATE
:mango-server-base:testClasses UP-TO-DATE
:mango-server-base:sourceJar
:mango-server-base:jar
:mango-db:compileJava
:mango-db:processResources UP-TO-DATE
:mango-db:classes
:mango-db:compileTestJava
:mango-db:processTestResources UP-TO-DATE
:mango-db:testClasses
:mango-db:sourceJar
:mango-db:jar
:mango-client-core:compileJava
:mango-client-core:processResources UP-TO-DATE
:mango-client-core:classes
:mango-client-core:compileTestJava UP-TO-DATE
:mango-client-core:processTestResources UP-TO-DATE
:mango-client-core:testClasses UP-TO-DATE
:mango-client-core:sourceJar
:mango-client-core:jar
:mango-db:testJar
:mango-db:testSourceJar
:mango-dsl:generateXtext
0    [main] WARN  pes.access.impl.DeclaredTypeFactory  - --- xtext.common.types ---------------------------------------------------
1    [main] WARN  pes.access.impl.DeclaredTypeFactory  - ASM library is too old. Falling back to java.lang.reflect API.
1    [main] WARN  pes.access.impl.DeclaredTypeFactory  - Please note that no information about compile time constants is available.
1    [main] WARN  pes.access.impl.DeclaredTypeFactory  - It's recommended to use org.objectweb.asm 5.0.1 or better.
1    [main] WARN  pes.access.impl.DeclaredTypeFactory  - --------------------------------------------------------------------------
961  [main] INFO  lipse.emf.mwe.utils.StandaloneSetup  - Adding generated EPackage 'org.eclipse.xtext.xbase.XbasePackage'
1186 [main] INFO  clipse.emf.mwe.utils.GenModelHelper  - Registered GenModel 'http://www.eclipse.org/Xtext/Xbase/XAnnotations' from 'platform:/resource/org.eclipse.xtext.xbase/model/Xbase.genmodel'
1190 [main] INFO  clipse.emf.mwe.utils.GenModelHelper  - Registered GenModel 'http://www.eclipse.org/xtext/xbase/Xtype' from 'platform:/resource/org.eclipse.xtext.xbase/model/Xbase.genmodel'
1212 [main] INFO  clipse.emf.mwe.utils.GenModelHelper  - Registered GenModel 'http://www.eclipse.org/xtext/xbase/Xbase' from 'platform:/resource/org.eclipse.xtext.xbase/model/Xbase.genmodel'
1212 [main] INFO  clipse.emf.mwe.utils.GenModelHelper  - Registered GenModel 'http://www.eclipse.org/xtext/common/JavaVMTypes' from 'platform:/resource/org.eclipse.xtext.common.types/model/JavaVMTypes.genmodel'
2120 [main] INFO  lipse.emf.mwe.utils.StandaloneSetup  - Adding generated EPackage 'org.eclipse.xtext.common.types.TypesPackage'
2124 [main] INFO  ipse.emf.mwe.utils.DirectoryCleaner  - Cleaning /home/pelle/git/mango/mango-dsl/../mango-dsl/src-gen
2135 [main] INFO  ipse.emf.mwe.utils.DirectoryCleaner  - Cleaning /home/pelle/git/mango/mango-dsl/../mango-dsl-ui/src-gen
2136 [main] INFO  ipse.emf.mwe.utils.DirectoryCleaner  - Cleaning /home/pelle/git/mango/mango-dsl/../mango-dsl-tests/src-gen
6719 [main] INFO  clipse.emf.mwe.utils.GenModelHelper  - Registered GenModel 'http://www.pelle.io/mango/dsl/Mango' from 'platform:/resource/mango-dsl/model/generated/Mango.genmodel'
20255 [main] INFO  text.generator.junit.Junit4Fragment  - generating Junit4 Test support classes
27410 [main] INFO  text.generator.junit.Junit4Fragment  - generating Compare Framework infrastructure
27535 [main] INFO  .emf.mwe2.runtime.workflow.Workflow  - Done.
:mango-dsl:compileXtend
0    [NGSession 3: 127.0.0.1: compile] WARN  e.compiler.batch.XtendBatchCompiler  - 
WARNING: 	MangoJvmModelInferrer.xtend - 
13: The type IJvmDeclaredTypeAcceptor.IPostIndexingInitializing is deprecated
0    [NGSession 3: 127.0.0.1: compile] WARN  e.compiler.batch.XtendBatchCompiler  - 
WARNING: 	MangoJvmModelInferrer.xtend - 
77: The method initializeLater(Procedure1<? super T>) from the type IJvmDeclaredTypeAcceptor.IPostIndexingInitializing is deprecated
1    [NGSession 3: 127.0.0.1: compile] WARN  e.compiler.batch.XtendBatchCompiler  - 
WARNING: 	MangoJvmModelInferrer.xtend - 
83: The method initializeLater(Procedure1<? super T>) from the type IJvmDeclaredTypeAcceptor.IPostIndexingInitializing is deprecated
1    [NGSession 3: 127.0.0.1: compile] WARN  e.compiler.batch.XtendBatchCompiler  - 
WARNING: 	MangoJvmModelInferrer.xtend - 
89: The method initializeLater(Procedure1<? super T>) from the type IJvmDeclaredTypeAcceptor.IPostIndexingInitializing is deprecated
1    [NGSession 3: 127.0.0.1: compile] WARN  e.compiler.batch.XtendBatchCompiler  - 
WARNING: 	MangoJvmModelInferrer.xtend - 
92: The method initializeLater(Procedure1<? super T>) from the type IJvmDeclaredTypeAcceptor.IPostIndexingInitializing is deprecated
13   [NGSession 3: 127.0.0.1: compile] INFO  e.compiler.batch.XtendBatchCompiler  - Compiling 40 source files to /home/pelle/git/mango/mango-dsl/xtend-gen
:mango-dsl:compileJava
:mango-dsl:installMainXtendDebugInfo UP-TO-DATE
:mango-dsl:processResources UP-TO-DATE
:mango-dsl:classes
:mango-dsl:compileTestXtend
6224 [NGSession 6: 127.0.0.1: compile] INFO  e.compiler.batch.XtendBatchCompiler  - No sources to compile in '/home/pelle/git/mango/mango-dsl/test'
:mango-dsl:compileTestJava
:mango-dsl:installTestXtendDebugInfo UP-TO-DATE
:mango-dsl:processTestResources UP-TO-DATE
:mango-dsl:testClasses
:mango-dsl:sourceJar
:mango-dsl:jar
:mango-model:xtextGenerate
0    [main] INFO  uilder.standalone.StandaloneBuilder  - Using common types.
1    [main] INFO  uilder.standalone.StandaloneBuilder  - Collecting source models.
9120 [main] INFO  uilder.standalone.StandaloneBuilder  - Installing type provider.
9138 [main] WARN  pes.access.impl.DeclaredTypeFactory  - --- xtext.common.types ---------------------------------------------------
9138 [main] WARN  pes.access.impl.DeclaredTypeFactory  - ASM library is too old. Falling back to java.lang.reflect API.
9138 [main] WARN  pes.access.impl.DeclaredTypeFactory  - Please note that no information about compile time constants is available.
9138 [main] WARN  pes.access.impl.DeclaredTypeFactory  - It's recommended to use org.objectweb.asm 5.0.1 or better.
9138 [main] WARN  pes.access.impl.DeclaredTypeFactory  - --------------------------------------------------------------------------
9482 [main] INFO  uilder.standalone.StandaloneBuilder  - Generating stubs into /home/pelle/git/mango/mango-model/build/xtext-temp/stubs
9496 [main] INFO  uilder.standalone.StandaloneBuilder  - Compiling stubs located in /home/pelle/git/mango/mango-model/build/xtext-temp/stubs
10262 [main] INFO  uilder.standalone.StandaloneBuilder  - Installing type provider for stubs.
10762 [main] INFO  uilder.standalone.StandaloneBuilder  - Starting generator for input: 'mango.mango'
:mango-model:compileGeneratedClientGWTJava
:mango-model:processGeneratedClientGWTResources UP-TO-DATE
:mango-model:generatedClientGWTClasses
:mango-model:generatedClientGWTJar
:mango-model:generatedClientGWTSourceJar
:mango-client-web:compileJava
:mango-client-web:processResources UP-TO-DATE
:mango-client-web:classes
:mango-client-web:compileTestJava UP-TO-DATE
:mango-client-web:processTestResources UP-TO-DATE
:mango-client-web:testClasses UP-TO-DATE
:mango-client-web:sourceJar
:mango-client-web:jar
:mango-client-gwt:compileJava
:mango-client-gwt:processResources UP-TO-DATE
:mango-client-gwt:classes
:mango-client-gwt:compileTestJava UP-TO-DATE
:mango-client-gwt:processTestResources UP-TO-DATE
:mango-client-gwt:testClasses UP-TO-DATE
:mango-client-gwt:sourceJar
:mango-client-gwt:jar
:mango-client-web-test:compileJava
:mango-client-web-test:processResources UP-TO-DATE
:mango-client-web-test:classes
:mango-client-web-test:compileTestJava UP-TO-DATE
:mango-client-web-test:processTestResources UP-TO-DATE
:mango-client-web-test:testClasses UP-TO-DATE
:mango-client-web-test:sourceJar
:mango-client-web-test:jar
:mango-model:compileGeneratedServerJava
:mango-model:processGeneratedServerResources
:mango-model:generatedServerClasses
:mango-model:generatedServerJar
:mango-model:generatedServerSourceJar
:mango-model:compileGeneratedXmlJava UP-TO-DATE
:mango-model:processGeneratedXmlResources UP-TO-DATE
:mango-model:generatedXmlClasses UP-TO-DATE
:mango-model:generatedXmlJar
:mango-model:generatedXmlSourceJar
:mango-server:compileJava
:mango-server:processResources UP-TO-DATE
:mango-server:classes
:mango-server:compileTestJava UP-TO-DATE
:mango-server:processTestResources UP-TO-DATE
:mango-server:testClasses UP-TO-DATE
:mango-server:sourceJar
:mango-server:jar
:mango-demo-model:xtextGenerate
0    [main] INFO  uilder.standalone.StandaloneBuilder  - Using common types.
1    [main] INFO  uilder.standalone.StandaloneBuilder  - Collecting source models.
10249 [main] INFO  uilder.standalone.StandaloneBuilder  - Installing type provider.
10265 [main] WARN  pes.access.impl.DeclaredTypeFactory  - --- xtext.common.types ---------------------------------------------------
10265 [main] WARN  pes.access.impl.DeclaredTypeFactory  - ASM library is too old. Falling back to java.lang.reflect API.
10265 [main] WARN  pes.access.impl.DeclaredTypeFactory  - Please note that no information about compile time constants is available.
10265 [main] WARN  pes.access.impl.DeclaredTypeFactory  - It's recommended to use org.objectweb.asm 5.0.1 or better.
10265 [main] WARN  pes.access.impl.DeclaredTypeFactory  - --------------------------------------------------------------------------
10591 [main] INFO  uilder.standalone.StandaloneBuilder  - Generating stubs into /home/pelle/git/mango/mango-demo-model/build/xtext-temp/stubs
10611 [main] INFO  uilder.standalone.StandaloneBuilder  - Compiling stubs located in /home/pelle/git/mango/mango-demo-model/build/xtext-temp/stubs
11637 [main] INFO  uilder.standalone.StandaloneBuilder  - Installing type provider for stubs.
12064 [main] INFO  uilder.standalone.StandaloneBuilder  - Starting generator for input: 'MangoDemo.mango'
:mango-demo-model:compileGeneratedClientGWTJava
:mango-demo-model:processGeneratedClientGWTResources UP-TO-DATE
:mango-demo-model:generatedClientGWTClasses
:mango-demo-model:generatedClientGWTJar
:mango-demo-model:generatedClientGWTSourceJar
:mango-demo-model:compileGeneratedServerJava
:mango-demo-model:processGeneratedServerResources
:mango-demo-model:generatedServerClasses
:mango-demo-model:generatedServerJar
:mango-demo-model:generatedServerSourceJar
:mango-demo-model:compileGeneratedXmlJava UP-TO-DATE
:mango-demo-model:processGeneratedXmlResources UP-TO-DATE
:mango-demo-model:generatedXmlClasses UP-TO-DATE
:mango-demo-model:generatedXmlJar
:mango-demo-model:generatedXmlSourceJar
:mango-demo-server:compileJava
:mango-demo-server:processResources UP-TO-DATE
:mango-demo-server:classes
:mango-demo-server:compileTestJava
:mango-demo-server:processTestResources UP-TO-DATE
:mango-demo-server:testClasses
:mango-demo-server:sourceJar
:mango-demo-server:jar
:mango-demo-client:compileJava
:mango-demo-client:processResources UP-TO-DATE
:mango-demo-client:compileGwt
Compiling module io.pelle.mango.demo.DemoClient
   Computing all possible rebind results for 'com.google.gwt.useragent.client.UserAgentAsserter'
      Rebinding com.google.gwt.useragent.client.UserAgentAsserter
         Checking rule <generate-with class='com.google.gwt.validation.rebind.ValidatorGenerator'/>
            [WARN] Detected warnings related to 'javax.validation.Validator'.   Are validation-api-<version>.jar and validation-api-<version>-sources.jar on the classpath?
            [WARN] Unknown type 'javax.validation.Validator' specified in deferred binding rule
   Computing all possible rebind results for 'io.pelle.mango.client.baseentityservice.IBaseEntityServiceGWT'
      Rebinding io.pelle.mango.client.baseentityservice.IBaseEntityServiceGWT
         Invoking generator com.google.gwt.user.rebind.rpc.ServiceInterfaceProxyGenerator
            Generating client proxy for remote service interface 'io.pelle.mango.client.baseentityservice.IBaseEntityServiceGWT'
               Analyzing 'io.pelle.mango.client.baseentityservice.IBaseEntityServiceGWT' for serializable types
                  Analyzing methods:
                     public abstract <FilterVOType extends io.pelle.mango.client.base.vo.IBaseVO> java.util.List<FilterVOType> filter(io.pelle.mango.client.base.vo.query.SelectQuery<FilterVOType> selectQuery)
                        Parameter: io.pelle.mango.client.base.vo.query.SelectQuery<FilterVOType> selectQuery
                           io.pelle.mango.client.base.vo.query.SelectQuery<FilterVOType>
                              Verifying instantiability
                                 io.pelle.mango.client.base.vo.query.SelectQuery<FilterVOType>
                                    Analyzing the fields of type 'io.pelle.mango.client.base.vo.query.BaseQuery<FilterVOType, io.pelle.mango.client.base.vo.query.SelectQuery<FilterVOType>>' that qualify for serialization
                                       private com.google.common.base.Optional<io.pelle.mango.client.base.vo.query.IExpression> whereExpression
                                          com.google.common.base.Optional<io.pelle.mango.client.base.vo.query.IExpression>
                                             Verifying instantiability
                                                com.google.common.base.Absent<io.pelle.mango.client.base.vo.query.IExpression>
                                                   Checking parameters of 'com.google.common.base.Optional<io.pelle.mango.client.base.vo.query.IExpression>'
                                                      Checking type argument 0 of type 'com.google.common.base.Optional<T>' because it is directly exposed in this type or in one of its subtypes
                                                         io.pelle.mango.client.base.vo.query.IExpression
                                                            Verifying instantiability
                                                               io.pelle.mango.client.base.vo.query.expressions.ObjectExpression
                                                                  Analyzing the fields of type 'io.pelle.mango.client.base.vo.query.expressions.ObjectExpression' that qualify for serialization
                                                                     private java.io.Serializable value
                                                                        java.io.Serializable
                                                                           Verifying instantiability
                                                                              java.util.TreeSet<? extends java.lang.Object>
                                                                                 [WARN] Checking all subtypes of Object which qualify for serialization
                                                                                    com.google.gwt.validation.client.impl.PathImpl
                                                                                       Verifying instantiability
                                                                                          com.google.gwt.validation.client.impl.PathImpl
                                                                                             Analyzing the fields of type 'com.google.gwt.validation.client.impl.PathImpl' that qualify for serialization
                                                                                                [WARN] Field 'private final java.util.List<javax.validation.Path.Node> nodes' will not be serialized because it is final
      Rebinding io.pelle.mango.client.baseentityservice.IBaseEntityServiceGWT
         Invoking generator com.google.gwt.user.rebind.rpc.ServiceInterfaceProxyGenerator
            Generating client proxy for remote service interface 'io.pelle.mango.client.baseentityservice.IBaseEntityServiceGWT'
               Analyzing 'io.pelle.mango.client.baseentityservice.IBaseEntityServiceGWT' for serializable types
                  Analyzing methods:
                     public abstract <FilterVOType extends io.pelle.mango.client.base.vo.IBaseVO> java.util.List<FilterVOType> filter(io.pelle.mango.client.base.vo.query.SelectQuery<FilterVOType> selectQuery)
                        Parameter: io.pelle.mango.client.base.vo.query.SelectQuery<FilterVOType> selectQuery
                           io.pelle.mango.client.base.vo.query.SelectQuery<FilterVOType>
                              Verifying instantiability
                                 io.pelle.mango.client.base.vo.query.SelectQuery<FilterVOType>
                                    Analyzing the fields of type 'io.pelle.mango.client.base.vo.query.BaseQuery<FilterVOType, io.pelle.mango.client.base.vo.query.SelectQuery<FilterVOType>>' that qualify for serialization
                                       private com.google.common.base.Optional<io.pelle.mango.client.base.vo.query.IExpression> whereExpression
                                          com.google.common.base.Optional<io.pelle.mango.client.base.vo.query.IExpression>
                                             Verifying instantiability
                                                com.google.common.base.Absent<io.pelle.mango.client.base.vo.query.IExpression>
                                                   Checking parameters of 'com.google.common.base.Optional<io.pelle.mango.client.base.vo.query.IExpression>'
                                                      Checking type argument 0 of type 'com.google.common.base.Optional<T>' because it is directly exposed in this type or in one of its subtypes
                                                         io.pelle.mango.client.base.vo.query.IExpression
                                                            Verifying instantiability
                                                               io.pelle.mango.client.base.vo.query.expressions.ObjectExpression
                                                                  Analyzing the fields of type 'io.pelle.mango.client.base.vo.query.expressions.ObjectExpression' that qualify for serialization
                                                                     private java.io.Serializable value
                                                                        java.io.Serializable
                                                                           Verifying instantiability
                                                                              java.util.TreeSet<? extends java.lang.Object>
                                                                                 [WARN] Checking all subtypes of Object which qualify for serialization
                                                                                    com.google.gwt.validation.client.impl.PathImpl
                                                                                       Verifying instantiability
                                                                                          com.google.gwt.validation.client.impl.PathImpl
                                                                                             Analyzing the fields of type 'com.google.gwt.validation.client.impl.PathImpl' that qualify for serialization
                                                                                                [WARN] Field 'private final java.util.List<javax.validation.Path.Node> nodes' will not be serialized because it is final
      Rebinding io.pelle.mango.client.baseentityservice.IBaseEntityServiceGWT
         Invoking generator com.google.gwt.user.rebind.rpc.ServiceInterfaceProxyGenerator
            Generating client proxy for remote service interface 'io.pelle.mango.client.baseentityservice.IBaseEntityServiceGWT'
               Analyzing 'io.pelle.mango.client.baseentityservice.IBaseEntityServiceGWT' for serializable types
                  Analyzing methods:
                     public abstract <FilterVOType extends io.pelle.mango.client.base.vo.IBaseVO> java.util.List<FilterVOType> filter(io.pelle.mango.client.base.vo.query.SelectQuery<FilterVOType> selectQuery)
                        Parameter: io.pelle.mango.client.base.vo.query.SelectQuery<FilterVOType> selectQuery
                           io.pelle.mango.client.base.vo.query.SelectQuery<FilterVOType>
                              Verifying instantiability
                                 io.pelle.mango.client.base.vo.query.SelectQuery<FilterVOType>
                                    Analyzing the fields of type 'io.pelle.mango.client.base.vo.query.BaseQuery<FilterVOType, io.pelle.mango.client.base.vo.query.SelectQuery<FilterVOType>>' that qualify for serialization
                                       private com.google.common.base.Optional<io.pelle.mango.client.base.vo.query.IExpression> whereExpression
                                          com.google.common.base.Optional<io.pelle.mango.client.base.vo.query.IExpression>
                                             Verifying instantiability
                                                com.google.common.base.Absent<io.pelle.mango.client.base.vo.query.IExpression>
                                                   Checking parameters of 'com.google.common.base.Optional<io.pelle.mango.client.base.vo.query.IExpression>'
                                                      Checking type argument 0 of type 'com.google.common.base.Optional<T>' because it is directly exposed in this type or in one of its subtypes
                                                         io.pelle.mango.client.base.vo.query.IExpression
                                                            Verifying instantiability
                                                               io.pelle.mango.client.base.vo.query.expressions.ObjectExpression
                                                                  Analyzing the fields of type 'io.pelle.mango.client.base.vo.query.expressions.ObjectExpression' that qualify for serialization
                                                                     private java.io.Serializable value
                                                                        java.io.Serializable
                                                                           Verifying instantiability
                                                                              java.util.TreeSet<? extends java.lang.Object>
                                                                                 [WARN] Checking all subtypes of Object which qualify for serialization
                                                                                    com.google.gwt.validation.client.impl.PathImpl
                                                                                       Verifying instantiability
                                                                                          com.google.gwt.validation.client.impl.PathImpl
                                                                                             Analyzing the fields of type 'com.google.gwt.validation.client.impl.PathImpl' that qualify for serialization
                                                                                                [WARN] Field 'private final java.util.List<javax.validation.Path.Node> nodes' will not be serialized because it is final
      Rebinding io.pelle.mango.client.baseentityservice.IBaseEntityServiceGWT
         Invoking generator com.google.gwt.user.rebind.rpc.ServiceInterfaceProxyGenerator
            Generating client proxy for remote service interface 'io.pelle.mango.client.baseentityservice.IBaseEntityServiceGWT'
               Analyzing 'io.pelle.mango.client.baseentityservice.IBaseEntityServiceGWT' for serializable types
                  Analyzing methods:
                     public abstract <FilterVOType extends io.pelle.mango.client.base.vo.IBaseVO> java.util.List<FilterVOType> filter(io.pelle.mango.client.base.vo.query.SelectQuery<FilterVOType> selectQuery)
                        Parameter: io.pelle.mango.client.base.vo.query.SelectQuery<FilterVOType> selectQuery
                           io.pelle.mango.client.base.vo.query.SelectQuery<FilterVOType>
                              Verifying instantiability
                                 io.pelle.mango.client.base.vo.query.SelectQuery<FilterVOType>
                                    Analyzing the fields of type 'io.pelle.mango.client.base.vo.query.BaseQuery<FilterVOType, io.pelle.mango.client.base.vo.query.SelectQuery<FilterVOType>>' that qualify for serialization
                                       private com.google.common.base.Optional<io.pelle.mango.client.base.vo.query.IExpression> whereExpression
                                          com.google.common.base.Optional<io.pelle.mango.client.base.vo.query.IExpression>
                                             Verifying instantiability
                                                com.google.common.base.Absent<io.pelle.mango.client.base.vo.query.IExpression>
                                                   Checking parameters of 'com.google.common.base.Optional<io.pelle.mango.client.base.vo.query.IExpression>'
                                                      Checking type argument 0 of type 'com.google.common.base.Optional<T>' because it is directly exposed in this type or in one of its subtypes
                                                         io.pelle.mango.client.base.vo.query.IExpression
                                                            Verifying instantiability
                                                               io.pelle.mango.client.base.vo.query.expressions.ObjectExpression
                                                                  Analyzing the fields of type 'io.pelle.mango.client.base.vo.query.expressions.ObjectExpression' that qualify for serialization
                                                                     private java.io.Serializable value
                                                                        java.io.Serializable
                                                                           Verifying instantiability
                                                                              java.util.TreeSet<? extends java.lang.Object>
                                                                                 [WARN] Checking all subtypes of Object which qualify for serialization
                                                                                    com.google.gwt.validation.client.impl.PathImpl
                                                                                       Verifying instantiability
                                                                                          com.google.gwt.validation.client.impl.PathImpl
                                                                                             Analyzing the fields of type 'com.google.gwt.validation.client.impl.PathImpl' that qualify for serialization
                                                                                                [WARN] Field 'private final java.util.List<javax.validation.Path.Node> nodes' will not be serialized because it is final
      Rebinding io.pelle.mango.client.baseentityservice.IBaseEntityServiceGWT
         Invoking generator com.google.gwt.user.rebind.rpc.ServiceInterfaceProxyGenerator
            Generating client proxy for remote service interface 'io.pelle.mango.client.baseentityservice.IBaseEntityServiceGWT'
               Analyzing 'io.pelle.mango.client.baseentityservice.IBaseEntityServiceGWT' for serializable types
                  Analyzing methods:
                     public abstract <FilterVOType extends io.pelle.mango.client.base.vo.IBaseVO> java.util.List<FilterVOType> filter(io.pelle.mango.client.base.vo.query.SelectQuery<FilterVOType> selectQuery)
                        Parameter: io.pelle.mango.client.base.vo.query.SelectQuery<FilterVOType> selectQuery
                           io.pelle.mango.client.base.vo.query.SelectQuery<FilterVOType>
                              Verifying instantiability
                                 io.pelle.mango.client.base.vo.query.SelectQuery<FilterVOType>
                                    Analyzing the fields of type 'io.pelle.mango.client.base.vo.query.BaseQuery<FilterVOType, io.pelle.mango.client.base.vo.query.SelectQuery<FilterVOType>>' that qualify for serialization
                                       private com.google.common.base.Optional<io.pelle.mango.client.base.vo.query.IExpression> whereExpression
                                          com.google.common.base.Optional<io.pelle.mango.client.base.vo.query.IExpression>
                                             Verifying instantiability
                                                com.google.common.base.Absent<io.pelle.mango.client.base.vo.query.IExpression>
                                                   Checking parameters of 'com.google.common.base.Optional<io.pelle.mango.client.base.vo.query.IExpression>'
                                                      Checking type argument 0 of type 'com.google.common.base.Optional<T>' because it is directly exposed in this type or in one of its subtypes
                                                         io.pelle.mango.client.base.vo.query.IExpression
                                                            Verifying instantiability
                                                               io.pelle.mango.client.base.vo.query.expressions.ObjectExpression
                                                                  Analyzing the fields of type 'io.pelle.mango.client.base.vo.query.expressions.ObjectExpression' that qualify for serialization
                                                                     private java.io.Serializable value
                                                                        java.io.Serializable
                                                                           Verifying instantiability
                                                                              java.util.TreeSet<? extends java.lang.Object>
                                                                                 [WARN] Checking all subtypes of Object which qualify for serialization
                                                                                    com.google.gwt.validation.client.impl.PathImpl
                                                                                       Verifying instantiability
                                                                                          com.google.gwt.validation.client.impl.PathImpl
                                                                                             Analyzing the fields of type 'com.google.gwt.validation.client.impl.PathImpl' that qualify for serialization
                                                                                                [WARN] Field 'private final java.util.List<javax.validation.Path.Node> nodes' will not be serialized because it is final
:mango-demo-server:war
:mango-demo-server:jettyEclipseRun
Empty contextPath
Root WebApplicationContext: initialization started
Refreshing Root WebApplicationContext: startup date [Fri Sep 26 22:45:58 CEST 2014]; root of context hierarchy
Loading XML bean definitions from class path resource [MangoDemoApplicationContext.xml]
Loading XML bean definitions from class path resource [DBBaseApplicationContext.xml]
Loading XML bean definitions from class path resource [MangoDemoDB-gen.xml]
Loading XML bean definitions from class path resource [MangoDemoBaseApplicationContext-gen.xml]
Loading XML bean definitions from class path resource [MangoDemoSpringServices-gen.xml]
Loading XML bean definitions from class path resource [MangoBaseApplicationContext.xml]
Loading XML bean definitions from class path resource [MangoBaseApplicationContext-gen.xml]
Loading XML bean definitions from class path resource [MangoSpringServices-gen.xml]
Loading XML bean definitions from class path resource [MangoSpringServices-gen.xml]
Overriding bean definition for bean 'HierachicalService': replacing [Generic bean: class [io.pelle.mango.server.hierachicalservice.HierachicalServiceImpl]; scope=; abstract=false; lazyInit=false; autowireMode=0; dependencyCheck=0; autowireCandidate=true; primary=false; factoryBeanName=null; factoryMethodName=null; initMethodName=null; destroyMethodName=null; defined in class path resource [MangoSpringServices-gen.xml]] with [Generic bean: class [io.pelle.mango.server.hierachicalservice.HierachicalServiceImpl]; scope=; abstract=false; lazyInit=false; autowireMode=0; dependencyCheck=0; autowireCandidate=true; primary=false; factoryBeanName=null; factoryMethodName=null; initMethodName=null; destroyMethodName=null; defined in class path resource [MangoSpringServices-gen.xml]]
Overriding bean definition for bean 'SystemService': replacing [Generic bean: class [io.pelle.mango.server.systemservice.SystemServiceImpl]; scope=; abstract=false; lazyInit=false; autowireMode=0; dependencyCheck=0; autowireCandidate=true; primary=false; factoryBeanName=null; factoryMethodName=null; initMethodName=null; destroyMethodName=null; defined in class path resource [MangoSpringServices-gen.xml]] with [Generic bean: class [io.pelle.mango.server.systemservice.SystemServiceImpl]; scope=; abstract=false; lazyInit=false; autowireMode=0; dependencyCheck=0; autowireCandidate=true; primary=false; factoryBeanName=null; factoryMethodName=null; initMethodName=null; destroyMethodName=null; defined in class path resource [MangoSpringServices-gen.xml]]
Overriding bean definition for bean 'BaseEntityService': replacing [Generic bean: class [io.pelle.mango.server.baseentityservice.BaseEntityServiceImpl]; scope=; abstract=false; lazyInit=false; autowireMode=0; dependencyCheck=0; autowireCandidate=true; primary=false; factoryBeanName=null; factoryMethodName=null; initMethodName=null; destroyMethodName=null; defined in class path resource [MangoSpringServices-gen.xml]] with [Generic bean: class [io.pelle.mango.server.baseentityservice.BaseEntityServiceImpl]; scope=; abstract=false; lazyInit=false; autowireMode=0; dependencyCheck=0; autowireCandidate=true; primary=false; factoryBeanName=null; factoryMethodName=null; initMethodName=null; destroyMethodName=null; defined in class path resource [MangoSpringServices-gen.xml]]
Loading XML bean definitions from class path resource [MangoDemoRestRemoteServices-gen.xml]
JSR-330 'javax.inject.Inject' annotation found and supported for autowiring
target persistence unit 'mangodemo' (io.pelle.mango.test.server.Entity1,io.pelle.mango.test.server.Entity2,io.pelle.mango.test.server.Entity3,io.pelle.mango.test.server.Entity4,io.pelle.mango.test.server.Entity5,io.pelle.mango.test.server.Entity6,io.pelle.mango.test.server.Entity7)
merging persistence unit 'mango' to 'mangodemo'
Building JPA container EntityManagerFactory for persistence unit 'mangodemo'
HHH000204: Processing PersistenceUnitInfo [
	name: mangodemo
	...]
HHH000412: Hibernate Core {4.3.5.Final}
HHH000206: hibernate.properties not found
HHH000021: Bytecode provider name : javassist
HCANN000001: Hibernate Commons Annotations {4.0.4.Final}
HHH000400: Using dialect: org.hibernate.dialect.DerbyTenSevenDialect
HHH000424: Disabling contextual LOB creation as createClob() method threw error : java.lang.reflect.InvocationTargetException
HHH000137: Root entity should not hold an PrimaryKeyJoinColum(s), will be ignored
HHH000137: Root entity should not hold an PrimaryKeyJoinColum(s), will be ignored
HHH000397: Using ASTQueryTranslatorFactory
HV000001: Hibernate Validator 5.1.1.Final
HHH000227: Running hbm2ddl schema export
Hibernate: 
    alter table Entity1_stringDatatype1List 
        drop constraint FK_oawmdeoo3weg6lc76o403qi2j
Hibernate: 
    alter table dictionaryhierarchicalnode_dictionaryhierarchicalnode 
        drop constraint FK_qp6y2m04gsa88mce3e2ww2ben
Hibernate: 
    alter table dictionaryhierarchicalnode_dictionaryhierarchicalnode 
        drop constraint FK_bwlryw7epaa2j31g59ktg1ofj
Hibernate: 
    alter table entity1 
        drop constraint FK_suwa0dvo55yvvo3b8484v0j4y
Hibernate: 
    alter table entity2_entity3 
        drop constraint FK_njcl7bbpuo69f5n8m2m7q4qtn
Hibernate: 
    alter table entity2_entity3 
        drop constraint FK_3g9g3fk5xuqqiotnn1xtfh5k4
Hibernate: 
    alter table entity4 
        drop constraint FK_k1idkqsb9rb1td4qfmmk29448
Hibernate: 
    alter table entity5 
        drop constraint FK_pt0cidrt9gnqakabkljive9gt
Hibernate: 
    alter table entity5_entity4 
        drop constraint FK_dkwqt11v5adhhxmknq9gvan75
Hibernate: 
    alter table entity5_entity4 
        drop constraint FK_s8fixidbgtw5133dpfb5auyt0
Hibernate: 
    alter table entity7 
        drop constraint FK_2i4hav1dp18g9ljgq0ryvrfu9
Hibernate: 
    drop table Entity1_stringDatatype1List
Hibernate: 
    drop table dictionaryhierarchicalnode
Hibernate: 
    drop table dictionaryhierarchicalnode_dictionaryhierarchicalnode
Hibernate: 
    drop table dictionarylabelsearchindex
Hibernate: 
    drop table entity1
Hibernate: 
    drop table entity2
Hibernate: 
    drop table entity2_entity3
Hibernate: 
    drop table entity3
Hibernate: 
    drop table entity4
Hibernate: 
    drop table entity5
Hibernate: 
    drop table entity5_entity4
Hibernate: 
    drop table entity6
Hibernate: 
    drop table entity7
Hibernate: 
    drop table file
Hibernate: 
    drop table hibernate_sequences
Hibernate: 
    create table Entity1_stringDatatype1List (
        Entity1_entity1_id bigint not null,
        stringDatatype1List varchar(255)
    )
Hibernate: 
    create table dictionaryhierarchicalnode (
        dictionaryhierarchicalnode_id bigint not null,
        dictionaryhierarchicalnode_dictionaryname varchar(255),
        dictionaryhierarchicalnode_haschildren boolean,
        dictionaryhierarchicalnode_label varchar(255),
        dictionaryhierarchicalnode_parentclassname varchar(255),
        dictionaryhierarchicalnode_parentvoid bigint,
        dictionaryhierarchicalnode_voclassname varchar(255),
        dictionaryhierarchicalnode_void bigint,
        primary key (dictionaryhierarchicalnode_id)
    )
Hibernate: 
    create table dictionaryhierarchicalnode_dictionaryhierarchicalnode (
        dictionaryhierarchicalnode_dictionaryhierarchicalnode_id bigint not null,
        children_dictionaryhierarchicalnode_id bigint not null
    )
Hibernate: 
    create table dictionarylabelsearchindex (
        dictionarylabelsearchindex_id bigint not null,
        dictionarylabelsearchindex_dictionaryname varchar(255),
        dictionarylabelsearchindex_text varchar(255),
        dictionarylabelsearchindex_voclassname varchar(255),
        dictionarylabelsearchindex_void bigint,
        primary key (dictionarylabelsearchindex_id)
    )
Hibernate: 
    create table entity1 (
        entity1_id bigint not null,
        entity1_booleandatatype1 boolean,
        entity1_enumeration1datatype varchar(255),
        entity1_stringdatatype1 varchar(255),
        entity2Datatype_entity2_id bigint,
        primary key (entity1_id)
    )
Hibernate: 
    create table entity2 (
        entity2_id bigint not null,
        entity2_stringdatatype2 varchar(255),
        primary key (entity2_id)
    )
Hibernate: 
    create table entity2_entity3 (
        entity2_entity2_id bigint not null,
        entity3Datatypes_entity3_id bigint not null
    )
Hibernate: 
    create table entity3 (
        entity3_id bigint not null,
        entity3_binarydatatype1 blob,
        entity3_stringdatatype3 varchar(255),
        primary key (entity3_id)
    )
Hibernate: 
    create table entity4 (
        entity4_stringdatatype4 varchar(255),
        entity3_id bigint not null,
        primary key (entity3_id)
    )
Hibernate: 
    create table entity5 (
        entity5_id bigint not null,
        entity5_binary1 blob,
        entity5_boolean1 boolean,
        entity5_enumeration1 varchar(255),
        entity5_string1 varchar(255),
        entity4_entity3_id bigint,
        primary key (entity5_id)
    )
Hibernate: 
    create table entity5_entity4 (
        entity5_entity5_id bigint not null,
        entity4s_entity3_id bigint not null
    )
Hibernate: 
    create table entity6 (
        entity6_id bigint not null,
        entity6_string1 varchar(255),
        primary key (entity6_id)
    )
Hibernate: 
    create table entity7 (
        entity7_string2 varchar(255),
        entity6_id bigint not null,
        primary key (entity6_id)
    )
Hibernate: 
    create table file (
        file_id bigint not null,
        file_filecontent blob,
        file_filename varchar(255),
        file_fileuuid varchar(255),
        primary key (file_id)
    )
Hibernate: 
    alter table dictionaryhierarchicalnode_dictionaryhierarchicalnode 
        add constraint UK_qp6y2m04gsa88mce3e2ww2ben  unique (children_dictionaryhierarchicalnode_id)
Hibernate: 
    alter table entity2_entity3 
        add constraint UK_njcl7bbpuo69f5n8m2m7q4qtn  unique (entity3Datatypes_entity3_id)
Hibernate: 
    alter table entity5_entity4 
        add constraint UK_dkwqt11v5adhhxmknq9gvan75  unique (entity4s_entity3_id)
Hibernate: 
    alter table Entity1_stringDatatype1List 
        add constraint FK_oawmdeoo3weg6lc76o403qi2j 
        foreign key (Entity1_entity1_id) 
        references entity1
Hibernate: 
    alter table dictionaryhierarchicalnode_dictionaryhierarchicalnode 
        add constraint FK_qp6y2m04gsa88mce3e2ww2ben 
        foreign key (children_dictionaryhierarchicalnode_id) 
        references dictionaryhierarchicalnode
Hibernate: 
    alter table dictionaryhierarchicalnode_dictionaryhierarchicalnode 
        add constraint FK_bwlryw7epaa2j31g59ktg1ofj 
        foreign key (dictionaryhierarchicalnode_dictionaryhierarchicalnode_id) 
        references dictionaryhierarchicalnode
Hibernate: 
    alter table entity1 
        add constraint FK_suwa0dvo55yvvo3b8484v0j4y 
        foreign key (entity2Datatype_entity2_id) 
        references entity2
Hibernate: 
    alter table entity2_entity3 
        add constraint FK_njcl7bbpuo69f5n8m2m7q4qtn 
        foreign key (entity3Datatypes_entity3_id) 
        references entity3
Hibernate: 
    alter table entity2_entity3 
        add constraint FK_3g9g3fk5xuqqiotnn1xtfh5k4 
        foreign key (entity2_entity2_id) 
        references entity2
Hibernate: 
    alter table entity4 
        add constraint FK_k1idkqsb9rb1td4qfmmk29448 
        foreign key (entity3_id) 
        references entity3
Hibernate: 
    alter table entity5 
        add constraint FK_pt0cidrt9gnqakabkljive9gt 
        foreign key (entity4_entity3_id) 
        references entity4
Hibernate: 
    alter table entity5_entity4 
        add constraint FK_dkwqt11v5adhhxmknq9gvan75 
        foreign key (entity4s_entity3_id) 
        references entity4
Hibernate: 
    alter table entity5_entity4 
        add constraint FK_s8fixidbgtw5133dpfb5auyt0 
        foreign key (entity5_entity5_id) 
        references entity5
Hibernate: 
    alter table entity7 
        add constraint FK_2i4hav1dp18g9ljgq0ryvrfu9 
        foreign key (entity6_id) 
        references entity6
Hibernate: 
    create table hibernate_sequences (
         sequence_name varchar(255),
         sequence_next_hi_value integer 
    )
HHH000230: Schema export complete
Exported ServletContext attribute with name 'com.codahale.metrics.servlets.MetricsServlet.registry'
HHH000400: Using dialect: org.hibernate.dialect.DerbyTenSevenDialect
HHH000424: Disabling contextual LOB creation as createClob() method threw error : java.lang.reflect.InvocationTargetException
HHH000399: Using default transaction strategy (direct JDBC transactions)
HHH000397: Using ASTQueryTranslatorFactory
Mapped "{[/resttest/methodwithbooleanparameter],methods=[POST],params=[],headers=[],consumes=[application/json],produces=[application/json],custom=[]}" onto public java.lang.Boolean io.pelle.mango.test.server.resttest.RestTestRestController.methodWithBooleanParameterPostRequestBody(io.pelle.mango.test.server.resttest.RestTestRestControllerMethodWithBooleanParameterRequest)
Mapped "{[/resttest/methodwithvalueobjectparameter],methods=[POST],params=[],headers=[],consumes=[application/json],produces=[application/json],custom=[]}" onto public io.pelle.mango.test.client.ValueObject2 io.pelle.mango.test.server.resttest.RestTestRestController.methodWithValueObjectParameterPostRequestBody(io.pelle.mango.test.client.ValueObject2)
Root WebApplicationContext: initialization completed in 4468 ms
FrameworkServlet 'mangodemo': initialization started
Refreshing WebApplicationContext for namespace 'mangodemo-servlet': startup date [Fri Sep 26 22:46:03 CEST 2014]; parent: Root WebApplicationContext
Loading XML bean definitions from ServletContext resource [/WEB-INF/mangodemo-servlet.xml]
Loading XML bean definitions from class path resource [MangoGWTRemoteServices-gen.xml]
Loading XML bean definitions from class path resource [MangoDemoRestRemoteServices-gen.xml]
Mapped URL path [/rpc/HierachicalService] onto handler of type [class io.pelle.mango.server.gwt.MangoGWTRPCServiceExporter]
Mapped URL path [/rpc/SystemService] onto handler of type [class io.pelle.mango.server.gwt.MangoGWTRPCServiceExporter]
Mapped URL path [/rpc/BaseEntityService] onto handler of type [class io.pelle.mango.server.gwt.MangoGWTRPCServiceExporter]
FrameworkServlet 'mangodemo': initialization completed in 169 ms
FrameworkServlet 'mangodemo-webservices': initialization started
Refreshing WebApplicationContext for namespace 'mangodemo-webservices-servlet': startup date [Fri Sep 26 22:46:03 CEST 2014]; parent: Root WebApplicationContext
Loading XML bean definitions from ServletContext resource [/WEB-INF/mangodemo-webservices-servlet.xml]
Loading XML bean definitions from class path resource [MangoDemoWebservices-gen.xml]
Creating SAAJ 1.3 MessageFactory with SOAP 1.1 Protocol
FrameworkServlet 'mangodemo-webservices': initialization completed in 146 ms
!RequestLog

Hit <ENTER> to reload the webapp.
Hit r + <ENTER> to rebuild and reload the webapp.
Hit R + <ENTER> to rebuild the webapp without reload

Closing WebApplicationContext for namespace 'mangodemo-webservices-servlet': startup date [Fri Sep 26 22:46:03 CEST 2014]; parent: Root WebApplicationContext
Closing WebApplicationContext for namespace 'mangodemo-servlet': startup date [Fri Sep 26 22:46:03 CEST 2014]; parent: Root WebApplicationContext
Closing Root WebApplicationContext: startup date [Fri Sep 26 22:45:58 CEST 2014]; root of context hierarchy
Closing JPA EntityManagerFactory for persistence unit 'mangodemo'

